C51 COMPILER V9.00   MAIN                                                                  01/01/2020 16:21:18 PAGE 1   


C51 COMPILER V9.00, COMPILATION OF MODULE MAIN
OBJECT MODULE PLACED IN main.OBJ
COMPILER INVOKED BY: C:\Keil_v5\C51\BIN\C51.EXE main.c LARGE OPTIMIZE(8,SPEED) BROWSE DEBUG OBJECTEXTEND TABS(2)

line level    source

   1          #include "CH552.H"
   2          
   3          unsigned int i=0;
   4          
   5          //sbit  KEY = P3^3;
   6          sbit  LED1 = P3^2;
   7          //sbit  LED2 = P3^4;
   8          main()
   9          {
  10   1          
  11   1          while(1)
  12   1          {
  13   2            //while(!KEY);
  14   2            LED1=!LED1;
  15   2            //LED2=!LED2;
  16   2              i=10000;while(i--);                                                 
  17   2          }
  18   1      }


MODULE INFORMATION:   STATIC OVERLAYABLE
   CODE SIZE        =     28    ----
   CONSTANT SIZE    =   ----    ----
   XDATA SIZE       =      2    ----
   PDATA SIZE       =   ----    ----
   DATA SIZE        =   ----    ----
   IDATA SIZE       =   ----    ----
   BIT SIZE         =   ----    ----
END OF MODULE INFORMATION.


C51 COMPILATION COMPLETE.  0 WARNING(S),  0 ERROR(S)
