C51 COMPILER V9.00   MAIN                                                                  06/09/2019 22:49:56 PAGE 1   


C51 COMPILER V9.00, COMPILATION OF MODULE MAIN
OBJECT MODULE PLACED IN main.OBJ
COMPILER INVOKED BY: C:\Keil_v5\C51\BIN\C51.EXE main.c LARGE OPTIMIZE(8,SPEED) BROWSE DEBUG OBJECTEXTEND TABS(2)

line level    source

   1          #include "stdio.h"
   2          #include "CH552.H"
   3          
   4          unsigned int i=0;
   5          
   6          sbit  KEY = P3^3;
   7          sbit  LED = P3^0;
   8          main()
   9          {
  10   1       
  11   1        CfgFsys();  
*** WARNING C206 IN LINE 11 OF MAIN.C: 'CfgFsys': missing function-prototype
  12   1        mInitSTDIO();
*** WARNING C206 IN LINE 12 OF MAIN.C: 'mInitSTDIO': missing function-prototype
  13   1        printf("DEBUG_DATE:"__DATE__"\nDEBUG_TIME:"__TIME__"\n");
  14   1      
  15   1        
  16   1          while(1)
  17   1          {
  18   2            while(!KEY);
  19   2            LED=!LED;
  20   2              i=10000;while(i--);                                                 
  21   2          }
  22   1      }


MODULE INFORMATION:   STATIC OVERLAYABLE
   CODE SIZE        =     46    ----
   CONSTANT SIZE    =     44    ----
   XDATA SIZE       =      2    ----
   PDATA SIZE       =   ----    ----
   DATA SIZE        =   ----    ----
   IDATA SIZE       =   ----    ----
   BIT SIZE         =   ----    ----
END OF MODULE INFORMATION.


C51 COMPILATION COMPLETE.  2 WARNING(S),  0 ERROR(S)
